{
  "RSpec": {
    "coverage": {
      "/home/nithin/Downloads/Build-presentation-server-for-an-existing-mocking-service-API-master(1)/Build-presentation-server-for-an-existing-mocking-service-API-master/spec/controllers/profiles_controller_spec.rb": [
        1,
        null,
        1,
        null,
        1,
        1,
        1,
        null,
        null,
        1,
        1,
        1,
        1,
        null,
        null,
        null,
        1,
        1,
        1,
        1,
        null,
        null,
        1,
        1,
        1,
        1,
        null,
        null,
        null,
        1,
        1,
        1,
        1,
        null,
        null,
        null,
        1,
        1,
        1,
        null,
        null,
        1,
        4,
        null,
        null,
        1,
        1,
        1,
        1,
        1,
        null,
        null,
        1,
        1,
        1,
        1,
        1,
        null,
        null,
        null,
        null,
        null,
        1,
        1,
        2,
        null,
        null,
        1,
        4,
        null,
        null,
        1,
        1,
        1,
        1,
        null,
        null,
        null,
        null,
        1,
        1,
        1,
        null,
        null,
        1,
        1,
        1,
        null,
        null,
        1,
        1,
        1,
        1,
        1,
        null,
        null,
        1,
        1,
        1,
        1,
        1,
        null,
        null,
        null,
        null,
        null,
        null
      ],
      "/home/nithin/Downloads/Build-presentation-server-for-an-existing-mocking-service-API-master(1)/Build-presentation-server-for-an-existing-mocking-service-API-master/spec/rails_helper.rb": [
        null,
        1,
        1,
        null,
        1,
        1,
        1,
        1,
        null,
        null,
        null,
        null,
        null,
        null,
        null,
        null,
        null,
        null,
        null,
        null,
        null,
        null,
        null,
        2,
        null,
        null,
        null,
        1,
        null,
        1,
        null,
        1,
        null,
        null,
        null,
        null,
        1,
        null,
        null,
        null,
        null,
        null,
        null,
        null,
        null,
        null,
        null,
        null,
        null,
        null,
        null,
        1,
        null,
        null,
        1,
        1,
        1,
        1,
        null,
        null
      ],
      "/home/nithin/Downloads/Build-presentation-server-for-an-existing-mocking-service-API-master(1)/Build-presentation-server-for-an-existing-mocking-service-API-master/config/environment.rb": [
        null,
        1,
        null,
        null,
        1
      ],
      "/home/nithin/Downloads/Build-presentation-server-for-an-existing-mocking-service-API-master(1)/Build-presentation-server-for-an-existing-mocking-service-API-master/config/application.rb": [
        1,
        null,
        1,
        null,
        null,
        null,
        1,
        null,
        1,
        1,
        1,
        null,
        null,
        null,
        null,
        null,
        null,
        null,
        null,
        null,
        null,
        null,
        null,
        null,
        1,
        null,
        null,
        1,
        null,
        1,
        null,
        null
      ],
      "/home/nithin/Downloads/Build-presentation-server-for-an-existing-mocking-service-API-master(1)/Build-presentation-server-for-an-existing-mocking-service-API-master/config/boot.rb": [
        1,
        null,
        1
      ],
      "/home/nithin/Downloads/Build-presentation-server-for-an-existing-mocking-service-API-master(1)/Build-presentation-server-for-an-existing-mocking-service-API-master/config/environments/test.rb": [
        1,
        null,
        null,
        null,
        null,
        null,
        null,
        1,
        null,
        null,
        null,
        null,
        1,
        null,
        null,
        1,
        1,
        null,
        null,
        1,
        1,
        null,
        null,
        1,
        null,
        null,
        1,
        null,
        null,
        null,
        null,
        1,
        null,
        null,
        1,
        null,
        null,
        1,
        null,
        null,
        null,
        null
      ],
      "/home/nithin/Downloads/Build-presentation-server-for-an-existing-mocking-service-API-master(1)/Build-presentation-server-for-an-existing-mocking-service-API-master/config/initializers/assets.rb": [
        null,
        null,
        null,
        1,
        null,
        null,
        null,
        null,
        null,
        null,
        null
      ],
      "/home/nithin/Downloads/Build-presentation-server-for-an-existing-mocking-service-API-master(1)/Build-presentation-server-for-an-existing-mocking-service-API-master/config/initializers/backtrace_silencers.rb": [
        null,
        null,
        null,
        null,
        null,
        null,
        null
      ],
      "/home/nithin/Downloads/Build-presentation-server-for-an-existing-mocking-service-API-master(1)/Build-presentation-server-for-an-existing-mocking-service-API-master/config/initializers/cookies_serializer.rb": [
        null,
        null,
        1
      ],
      "/home/nithin/Downloads/Build-presentation-server-for-an-existing-mocking-service-API-master(1)/Build-presentation-server-for-an-existing-mocking-service-API-master/config/initializers/filter_parameter_logging.rb": [
        null,
        null,
        null,
        1
      ],
      "/home/nithin/Downloads/Build-presentation-server-for-an-existing-mocking-service-API-master(1)/Build-presentation-server-for-an-existing-mocking-service-API-master/config/initializers/inflections.rb": [
        null,
        null,
        null,
        null,
        null,
        null,
        null,
        null,
        null,
        null,
        null,
        null,
        null,
        null,
        null,
        null
      ],
      "/home/nithin/Downloads/Build-presentation-server-for-an-existing-mocking-service-API-master(1)/Build-presentation-server-for-an-existing-mocking-service-API-master/config/initializers/kaminari_config.rb": [
        1,
        1,
        null,
        null,
        null,
        null,
        null,
        null,
        null,
        null
      ],
      "/home/nithin/Downloads/Build-presentation-server-for-an-existing-mocking-service-API-master(1)/Build-presentation-server-for-an-existing-mocking-service-API-master/config/initializers/mime_types.rb": [
        null,
        null,
        null,
        null
      ],
      "/home/nithin/Downloads/Build-presentation-server-for-an-existing-mocking-service-API-master(1)/Build-presentation-server-for-an-existing-mocking-service-API-master/config/initializers/register_mocks.rb": [
        1,
        null,
        null,
        1
      ],
      "/home/nithin/Downloads/Build-presentation-server-for-an-existing-mocking-service-API-master(1)/Build-presentation-server-for-an-existing-mocking-service-API-master/lib/duckrails/router.rb": [
        1,
        1,
        1,
        null,
        1,
        null,
        1,
        1,
        0,
        0,
        0,
        null,
        null,
        1,
        1,
        1,
        1,
        null,
        null,
        1,
        0,
        0,
        null,
        null,
        1,
        0,
        0,
        0,
        null,
        null,
        1,
        24,
        0,
        null,
        null,
        24,
        null,
        24,
        0,
        null,
        null,
        null,
        1,
        0,
        null,
        null,
        1,
        null,
        1,
        0,
        null,
        0,
        0,
        null,
        null,
        null,
        null,
        null
      ],
      "/home/nithin/Downloads/Build-presentation-server-for-an-existing-mocking-service-API-master(1)/Build-presentation-server-for-an-existing-mocking-service-API-master/app/models/duckrails/mock.rb": [
        1,
        1,
        1,
        1,
        null,
        1,
        1,
        null,
        1,
        1,
        1,
        1,
        1,
        1,
        null,
        null,
        null,
        null,
        1,
        1,
        null,
        null,
        null,
        null,
        1,
        1,
        null,
        1,
        1,
        1,
        null,
        2,
        null,
        1,
        0,
        null,
        null,
        1,
        0,
        null,
        null,
        1,
        0,
        null,
        null,
        null,
        1,
        null,
        null,
        1,
        0,
        null,
        null,
        1,
        0,
        null,
        null,
        1,
        0,
        null,
        null
      ],
      "/home/nithin/Downloads/Build-presentation-server-for-an-existing-mocking-service-API-master(1)/Build-presentation-server-for-an-existing-mocking-service-API-master/lib/route_validator.rb": [
        1,
        1,
        0,
        null,
        0,
        null,
        0,
        null,
        0,
        null,
        null,
        0,
        null,
        null,
        0,
        null,
        null,
        null,
        0,
        null,
        null,
        0,
        null,
        null
      ],
      "/home/nithin/Downloads/Build-presentation-server-for-an-existing-mocking-service-API-master(1)/Build-presentation-server-for-an-existing-mocking-service-API-master/config/initializers/session_store.rb": [
        null,
        null,
        1
      ],
      "/home/nithin/Downloads/Build-presentation-server-for-an-existing-mocking-service-API-master(1)/Build-presentation-server-for-an-existing-mocking-service-API-master/config/initializers/simple_form.rb": [
        null,
        1,
        null,
        null,
        null,
        null,
        null,
        1,
        null,
        null,
        null,
        null,
        null,
        null,
        null,
        null,
        null,
        1,
        null,
        null,
        null,
        1,
        null,
        null,
        null,
        null,
        null,
        null,
        null,
        null,
        1,
        null,
        null,
        1,
        null,
        null,
        1,
        null,
        null,
        1,
        null,
        null,
        1,
        1,
        1,
        null,
        null,
        null,
        null,
        null,
        null,
        null,
        null,
        null,
        1,
        null,
        null,
        null,
        null,
        null,
        1,
        null,
        null,
        1,
        null,
        null,
        null,
        null,
        null,
        null,
        null,
        1,
        null,
        null,
        1,
        null,
        null,
        null,
        null,
        null,
        null,
        null,
        null,
        null,
        null,
        null,
        null,
        null,
        null,
        null,
        null,
        null,
        null,
        null,
        null,
        null,
        null,
        null,
        null,
        null,
        null,
        null,
        null,
        null,
        null,
        null,
        null,
        null,
        null,
        null,
        null,
        null,
        null,
        null,
        null,
        null,
        null,
        null,
        null,
        1,
        null,
        null,
        null,
        null,
        null,
        null,
        null,
        null,
        null,
        null,
        null,
        null,
        null,
        null,
        null,
        null,
        null,
        null,
        null,
        null,
        null,
        null,
        null,
        null,
        null,
        null,
        null,
        null,
        null,
        null,
        null,
        null,
        null,
        null,
        null,
        null,
        1,
        null,
        null,
        null,
        null,
        null,
        null,
        null,
        null
      ],
      "/home/nithin/Downloads/Build-presentation-server-for-an-existing-mocking-service-API-master(1)/Build-presentation-server-for-an-existing-mocking-service-API-master/config/initializers/simple_form_foundation.rb": [
        null,
        1,
        null,
        null,
        null,
        null,
        null,
        null,
        null,
        1,
        1,
        1,
        1,
        1,
        1,
        1,
        1,
        1,
        null,
        1,
        null,
        null,
        1,
        1,
        1,
        1,
        1,
        1,
        1,
        null,
        1,
        1,
        null,
        null,
        1,
        1,
        1,
        1,
        null,
        null,
        null,
        1,
        1,
        1,
        null,
        1,
        1,
        1,
        1,
        null,
        null,
        1,
        1,
        null,
        null,
        null,
        null,
        null,
        null,
        null,
        null,
        null,
        null,
        1,
        1,
        1,
        1,
        1,
        1,
        1,
        null,
        1,
        1,
        null,
        1,
        1,
        null,
        null,
        null,
        null,
        null,
        1,
        1,
        1,
        null,
        1,
        1,
        null,
        null,
        1,
        1,
        null,
        null,
        null,
        1,
        null,
        null,
        null,
        null,
        1,
        null,
        null,
        1,
        null,
        null,
        1,
        null
      ],
      "/home/nithin/Downloads/Build-presentation-server-for-an-existing-mocking-service-API-master(1)/Build-presentation-server-for-an-existing-mocking-service-API-master/config/initializers/wrap_parameters.rb": [
        null,
        null,
        null,
        null,
        null,
        null,
        1,
        1,
        null,
        null,
        null,
        null,
        null,
        null
      ],
      "/home/nithin/Downloads/Build-presentation-server-for-an-existing-mocking-service-API-master(1)/Build-presentation-server-for-an-existing-mocking-service-API-master/lib/duckrails/synchronizer.rb": [
        1,
        1,
        1,
        null,
        1,
        1,
        null,
        null,
        1,
        0,
        null,
        0,
        0,
        0,
        0,
        0,
        null,
        null,
        0,
        null,
        0,
        null,
        null,
        1,
        1,
        0,
        null,
        null,
        null,
        null
      ],
      "/home/nithin/Downloads/Build-presentation-server-for-an-existing-mocking-service-API-master(1)/Build-presentation-server-for-an-existing-mocking-service-API-master/config/routes.rb": [
        1,
        null,
        1,
        1,
        null,
        1,
        1,
        1,
        1,
        1,
        null,
        null,
        1,
        1,
        null,
        null,
        null,
        null,
        1,
        null,
        null,
        null,
        null,
        null,
        1,
        null,
        null,
        null,
        null,
        null,
        null,
        null
      ],
      "/home/nithin/Downloads/Build-presentation-server-for-an-existing-mocking-service-API-master(1)/Build-presentation-server-for-an-existing-mocking-service-API-master/app/helpers/application_helper.rb": [
        1,
        1,
        1,
        null,
        null
      ],
      "/home/nithin/Downloads/Build-presentation-server-for-an-existing-mocking-service-API-master(1)/Build-presentation-server-for-an-existing-mocking-service-API-master/app/helpers/duckrails/mocks_helper.rb": [
        1,
        1,
        1,
        0,
        null,
        null,
        1,
        0,
        null,
        null,
        null,
        null,
        null
      ],
      "/home/nithin/Downloads/Build-presentation-server-for-an-existing-mocking-service-API-master(1)/Build-presentation-server-for-an-existing-mocking-service-API-master/app/helpers/profiles_helper.rb": [
        1,
        null
      ],
      "/home/nithin/Downloads/Build-presentation-server-for-an-existing-mocking-service-API-master(1)/Build-presentation-server-for-an-existing-mocking-service-API-master/spec/support/routes.rb": [
        1,
        1,
        23,
        23,
        null,
        null
      ],
      "/home/nithin/Downloads/Build-presentation-server-for-an-existing-mocking-service-API-master(1)/Build-presentation-server-for-an-existing-mocking-service-API-master/app/controllers/profiles_controller.rb": [
        null,
        1,
        null,
        1,
        1,
        null,
        null,
        1,
        1,
        null,
        null,
        1,
        1,
        null,
        null,
        1,
        3,
        null,
        3,
        2,
        null,
        1,
        null,
        null,
        null,
        1,
        1,
        null,
        null,
        null,
        1,
        3,
        null,
        3,
        2,
        null,
        1,
        null,
        null,
        null,
        null,
        1,
        2,
        2,
        2,
        null,
        null,
        1,
        null,
        1,
        3,
        null,
        null,
        null,
        null
      ],
      "/home/nithin/Downloads/Build-presentation-server-for-an-existing-mocking-service-API-master(1)/Build-presentation-server-for-an-existing-mocking-service-API-master/app/controllers/application_controller.rb": [
        1,
        1,
        null
      ],
      "/home/nithin/Downloads/Build-presentation-server-for-an-existing-mocking-service-API-master(1)/Build-presentation-server-for-an-existing-mocking-service-API-master/spec/helpers/application_helper_spec.rb": [
        1,
        null,
        1,
        1,
        1,
        1,
        1,
        null,
        null,
        null
      ],
      "/home/nithin/Downloads/Build-presentation-server-for-an-existing-mocking-service-API-master(1)/Build-presentation-server-for-an-existing-mocking-service-API-master/spec/helpers/profiles_helper_spec.rb": [
        1,
        null,
        null,
        null,
        null,
        null,
        null,
        null,
        null,
        null,
        null,
        null,
        1,
        null,
        null,
        null
      ],
      "/home/nithin/Downloads/Build-presentation-server-for-an-existing-mocking-service-API-master(1)/Build-presentation-server-for-an-existing-mocking-service-API-master/spec/models/profile_spec.rb": [
        1,
        null,
        1,
        null,
        1,
        10,
        null,
        null,
        null,
        1,
        null,
        1,
        1,
        1,
        null,
        null,
        1,
        1,
        1,
        null,
        null,
        null,
        1,
        1,
        1,
        null,
        null,
        1,
        1,
        1,
        null,
        null,
        1,
        1,
        1,
        null,
        null,
        1,
        1,
        1,
        null,
        null,
        1,
        1,
        1,
        null,
        null,
        1,
        1,
        1,
        null,
        null,
        1,
        1,
        1,
        null,
        null,
        1,
        1,
        1,
        null,
        null,
        null,
        null,
        null
      ],
      "/home/nithin/Downloads/Build-presentation-server-for-an-existing-mocking-service-API-master(1)/Build-presentation-server-for-an-existing-mocking-service-API-master/app/models/profile.rb": [
        1,
        1,
        1,
        1,
        1,
        1,
        null,
        null
      ],
      "/home/nithin/Downloads/Build-presentation-server-for-an-existing-mocking-service-API-master(1)/Build-presentation-server-for-an-existing-mocking-service-API-master/spec/views/profiles/index.html.erb_spec.rb": [
        1,
        null,
        1,
        null,
        null,
        null
      ]
    },
    "timestamp": 1552470237
  }
}
